<?xml version="1.0" encoding="UTF-8"?>
<!-- Generated by org.testng.reporters.JUnitReportReporter -->
<testsuite hostname="LAPTOP-QK4QKG3V" failures="0" tests="1" name="com.ab.cart.tests.CheckoutTest" time="34.367" errors="0" timestamp="2025-08-27T11:41:37 IST" skipped="0">
  <testcase classname="com.ab.cart.tests.CheckoutTest" name="CheckoutActions" time="34.367"/>
</testsuite> <!-- com.ab.cart.tests.CheckoutTest -->
