<?xml version="1.0" encoding="UTF-8"?>
<!-- Generated by org.testng.reporters.JUnitReportReporter -->
<testsuite hostname="LAPTOP-QK4QKG3V" failures="0" tests="1" name="com.ab.cart.tests.CheckoutTest" time="22.401" errors="0" timestamp="2025-08-30T20:27:57 IST" skipped="0">
  <testcase classname="com.ab.cart.tests.CheckoutTest" name="CheckoutActions" time="22.401"/>
</testsuite> <!-- com.ab.cart.tests.CheckoutTest -->
